android/app/build/intermediates/manifest_merge_blame_file/release/manifest-merger-blame-release-report.txt
1<?xml version="1.0" encoding="utf-8"?>
2<manifest xmlns:android="http://schemas.android.com/apk/res/android"
3    package="com.neend"
4    android:versionCode="85"
5    android:versionName="1.0.65" >
6
7    <uses-sdk
8        android:minSdkVersion="21"
8-->src/main/AndroidManifest.xml
9        android:targetSdkVersion="30" />
9-->src/main/AndroidManifest.xml
10
11    <uses-permission android:name="android.permission.INTERNET" />
11-->src/main/AndroidManifest.xml:3:5-67
11-->src/main/AndroidManifest.xml:3:22-64
12    <uses-permission android:name="android.permission.WRITE_EXTERNAL_STORAGE" />
12-->src/main/AndroidManifest.xml:4:5-81
12-->src/main/AndroidManifest.xml:4:22-78
13    <uses-permission android:name="android.permission.READ_PROFILE" />
13-->src/main/AndroidManifest.xml:5:5-70
13-->src/main/AndroidManifest.xml:5:22-68
14    <uses-permission android:name="android.permission.READ_EXTERNAL_STORAGE" />
14-->src/main/AndroidManifest.xml:6:5-80
14-->src/main/AndroidManifest.xml:6:22-77
15    <uses-permission android:name="android.permission.DOWNLOAD_WITHOUT_NOTIFICATION" />
15-->src/main/AndroidManifest.xml:7:5-88
15-->src/main/AndroidManifest.xml:7:22-85
16    <uses-permission android:name="android.permission.VIBRATE" />
16-->src/main/AndroidManifest.xml:8:5-66
16-->src/main/AndroidManifest.xml:8:22-63
17    <uses-permission android:name="android.permission.RECEIVE_BOOT_COMPLETED" />
17-->src/main/AndroidManifest.xml:9:5-80
17-->src/main/AndroidManifest.xml:9:22-78
18    <uses-permission android:name="android.permission.ACCESS_NETWORK_STATE" />
18-->[:react-native-firebase_analytics] AndroidManifest.xml:11:5-79
18-->[:react-native-firebase_analytics] AndroidManifest.xml:11:22-76
19    <uses-permission android:name="android.permission.WAKE_LOCK" />
19-->[:react-native-firebase_analytics] AndroidManifest.xml:13:5-68
19-->[:react-native-firebase_analytics] AndroidManifest.xml:13:22-65
20
21    <queries>
21-->[com.facebook.android:facebook-common:14.1.1] AndroidManifest.xml:29:5-31:15
22        <package android:name="com.facebook.katana" />
22-->[com.facebook.android:facebook-common:14.1.1] AndroidManifest.xml:30:9-55
22-->[com.facebook.android:facebook-common:14.1.1] AndroidManifest.xml:30:18-52
23        <package android:name="com.truecaller" />
23-->[com.truecaller.android.sdk:truecaller-sdk:2.6.0] AndroidManifest.xml:45:9-50
23-->[com.truecaller.android.sdk:truecaller-sdk:2.6.0] AndroidManifest.xml:45:18-47
24        <package android:name="com.truecaller.debug" />
24-->[com.truecaller.android.sdk:truecaller-sdk:2.6.0] AndroidManifest.xml:46:9-56
24-->[com.truecaller.android.sdk:truecaller-sdk:2.6.0] AndroidManifest.xml:46:18-53
25
26        <intent>
26-->[androidx.media:media:1.4.1] AndroidManifest.xml:25:9-27:18
27            <action android:name="android.media.browse.MediaBrowserService" />
27-->[androidx.media:media:1.4.1] AndroidManifest.xml:26:13-79
27-->[androidx.media:media:1.4.1] AndroidManifest.xml:26:21-76
28        </intent>
29    </queries>
30
31    <uses-permission android:name="android.permission.FOREGROUND_SERVICE" /> <!-- Required to access Google Play Licensing -->
31-->[:react-native-track-player] AndroidManifest.xml:12:5-77
31-->[:react-native-track-player] AndroidManifest.xml:12:22-74
32    <uses-permission android:name="com.android.vending.CHECK_LICENSE" /> <!-- Required to check whether Wi-Fi is enabled -->
32-->[:rn-fetch-blob] AndroidManifest.xml:12:5-73
32-->[:rn-fetch-blob] AndroidManifest.xml:12:22-70
33    <uses-permission android:name="android.permission.ACCESS_WIFI_STATE" /> <!-- Required by older versions of Google Play services to create IID tokens -->
33-->[:rn-fetch-blob] AndroidManifest.xml:30:5-76
33-->[:rn-fetch-blob] AndroidManifest.xml:30:22-73
34    <uses-permission android:name="com.google.android.c2dm.permission.RECEIVE" />
34-->[com.google.firebase:firebase-messaging:23.0.5] AndroidManifest.xml:28:5-82
34-->[com.google.firebase:firebase-messaging:23.0.5] AndroidManifest.xml:28:22-79
35    <uses-permission android:name="com.truecaller.permission.sdk.internal.read_account_state" />
35-->[com.truecaller.android.sdk:truecaller-sdk:2.6.0] AndroidManifest.xml:38:5-97
35-->[com.truecaller.android.sdk:truecaller-sdk:2.6.0] AndroidManifest.xml:38:22-94
36    <uses-permission android:name="com.google.android.gms.permission.AD_ID" />
36-->[com.google.android.gms:play-services-measurement-api:21.0.0] AndroidManifest.xml:25:5-79
36-->[com.google.android.gms:play-services-measurement-api:21.0.0] AndroidManifest.xml:25:22-76
37    <uses-permission android:name="com.google.android.finsky.permission.BIND_GET_INSTALL_REFERRER_SERVICE" />
37-->[com.google.android.gms:play-services-measurement:21.0.0] AndroidManifest.xml:26:5-110
37-->[com.google.android.gms:play-services-measurement:21.0.0] AndroidManifest.xml:26:22-107
38
39    <application
39-->src/main/AndroidManifest.xml:10:5-60:19
40        android:name="com.neend.MainApplication"
40-->src/main/AndroidManifest.xml:11:9-40
41        android:allowBackup="false"
41-->src/main/AndroidManifest.xml:12:9-36
42        android:appComponentFactory="androidx.core.app.CoreComponentFactory"
42-->[androidx.core:core:1.7.0] AndroidManifest.xml:24:18-86
43        android:icon="@mipmap/ic_launcher"
43-->src/main/AndroidManifest.xml:13:9-43
44        android:label="@string/app_name"
44-->src/main/AndroidManifest.xml:14:9-41
45        android:supportsRtl="true"
45-->[com.facebook.android:facebook-android-sdk:14.1.1] AndroidManifest.xml:28:18-44
46        android:theme="@style/AppTheme" >
46-->src/main/AndroidManifest.xml:15:9-40
47        <meta-data
47-->src/main/AndroidManifest.xml:16:8-106
48            android:name="com.facebook.sdk.ApplicationId"
48-->src/main/AndroidManifest.xml:16:19-64
49            android:value="@string/facebook_app_id" />
49-->src/main/AndroidManifest.xml:16:65-104
50        <meta-data
50-->src/main/AndroidManifest.xml:17:9-116
51            android:name="com.truecaller.android.sdk.PartnerKey"
51-->src/main/AndroidManifest.xml:17:20-72
52            android:value="@string/truecaller_appkey" />
52-->src/main/AndroidManifest.xml:17:73-114
53        <meta-data
53-->src/main/AndroidManifest.xml:18:9-111
54            android:name="com.facebook.sdk.ClientToken"
54-->src/main/AndroidManifest.xml:18:20-63
55            android:value="@string/facebook_client_token" />
55-->src/main/AndroidManifest.xml:18:64-109
56
57        <activity
57-->src/main/AndroidManifest.xml:19:9-40:20
58            android:name="com.neend.MainActivity"
58-->src/main/AndroidManifest.xml:20:11-39
59            android:configChanges="keyboard|keyboardHidden|orientation|screenSize|uiMode"
59-->src/main/AndroidManifest.xml:22:11-88
60            android:exported="true"
60-->src/main/AndroidManifest.xml:21:11-34
61            android:label="@string/app_name"
61-->src/main/AndroidManifest.xml:23:11-43
62            android:launchMode="singleTask"
62-->src/main/AndroidManifest.xml:24:11-42
63            android:screenOrientation="portrait"
63-->src/main/AndroidManifest.xml:26:11-47
64            android:windowSoftInputMode="adjustResize" >
64-->src/main/AndroidManifest.xml:25:11-53
65            <intent-filter>
65-->src/main/AndroidManifest.xml:28:13-31:29
66                <action android:name="android.intent.action.MAIN" />
66-->src/main/AndroidManifest.xml:29:15-67
66-->src/main/AndroidManifest.xml:29:23-64
67
68                <category android:name="android.intent.category.LAUNCHER" />
68-->src/main/AndroidManifest.xml:30:15-75
68-->src/main/AndroidManifest.xml:30:25-72
69            </intent-filter>
70            <intent-filter
70-->src/main/AndroidManifest.xml:32:13-39:29
71                android:autoVerify="true"
71-->src/main/AndroidManifest.xml:32:53-78
72                android:exported="false" >
72-->src/main/AndroidManifest.xml:32:28-52
73                <action android:name="android.intent.action.VIEW" />
73-->src/main/AndroidManifest.xml:33:17-69
73-->src/main/AndroidManifest.xml:33:25-66
74
75                <category android:name="android.intent.category.DEFAULT" />
75-->src/main/AndroidManifest.xml:34:17-76
75-->src/main/AndroidManifest.xml:34:27-73
76                <category android:name="android.intent.category.BROWSABLE" />
76-->src/main/AndroidManifest.xml:35:17-78
76-->src/main/AndroidManifest.xml:35:27-75
77
78                <data android:scheme="neend" />
78-->src/main/AndroidManifest.xml:36:17-47
78-->src/main/AndroidManifest.xml:36:23-45
79                <data
79-->src/main/AndroidManifest.xml:36:17-47
80                    android:host="neend.app"
80-->src/main/AndroidManifest.xml:37:69-93
81                    android:pathPrefix="/"
81-->src/main/AndroidManifest.xml:37:46-68
82                    android:scheme="http" />
82-->src/main/AndroidManifest.xml:36:23-45
83                <data
83-->src/main/AndroidManifest.xml:36:17-47
84                    android:host="neend.app"
84-->src/main/AndroidManifest.xml:37:69-93
85                    android:pathPrefix="/"
85-->src/main/AndroidManifest.xml:37:46-68
86                    android:scheme="https" />
86-->src/main/AndroidManifest.xml:36:23-45
87            </intent-filter>
88        </activity>
89        <activity
89-->src/main/AndroidManifest.xml:41:9-43:44
90            android:name="com.facebook.FacebookActivity"
90-->src/main/AndroidManifest.xml:41:19-63
91            android:configChanges="keyboard|keyboardHidden|screenLayout|screenSize|orientation"
91-->src/main/AndroidManifest.xml:42:9-92
92            android:label="@string/app_name"
92-->src/main/AndroidManifest.xml:43:9-41
93            android:theme="@style/com_facebook_activity_theme" />
93-->[com.facebook.android:facebook-common:14.1.1] AndroidManifest.xml:37:13-63
94        <activity
94-->src/main/AndroidManifest.xml:44:5-53:16
95            android:name="com.facebook.CustomTabActivity"
95-->src/main/AndroidManifest.xml:45:9-54
96            android:exported="true" >
96-->src/main/AndroidManifest.xml:46:9-32
97            <intent-filter>
97-->src/main/AndroidManifest.xml:47:9-52:25
98                <action android:name="android.intent.action.VIEW" />
98-->src/main/AndroidManifest.xml:33:17-69
98-->src/main/AndroidManifest.xml:33:25-66
99
100                <category android:name="android.intent.category.DEFAULT" />
100-->src/main/AndroidManifest.xml:34:17-76
100-->src/main/AndroidManifest.xml:34:27-73
101                <category android:name="android.intent.category.BROWSABLE" />
101-->src/main/AndroidManifest.xml:35:17-78
101-->src/main/AndroidManifest.xml:35:27-75
102
103                <data android:scheme="@string/fb_login_protocol_scheme" />
103-->src/main/AndroidManifest.xml:36:17-47
103-->src/main/AndroidManifest.xml:36:23-45
104            </intent-filter>
105            <intent-filter>
105-->[com.facebook.android:facebook-common:14.1.1] AndroidManifest.xml:43:13-52:29
106                <action android:name="android.intent.action.VIEW" />
106-->src/main/AndroidManifest.xml:33:17-69
106-->src/main/AndroidManifest.xml:33:25-66
107
108                <category android:name="android.intent.category.DEFAULT" />
108-->src/main/AndroidManifest.xml:34:17-76
108-->src/main/AndroidManifest.xml:34:27-73
109                <category android:name="android.intent.category.BROWSABLE" />
109-->src/main/AndroidManifest.xml:35:17-78
109-->src/main/AndroidManifest.xml:35:27-75
110
111                <data
111-->src/main/AndroidManifest.xml:36:17-47
112                    android:host="cct.com.neend"
112-->src/main/AndroidManifest.xml:37:69-93
113                    android:scheme="fbconnect" />
113-->src/main/AndroidManifest.xml:36:23-45
114            </intent-filter>
115        </activity>
116
117        <service
117-->src/main/AndroidManifest.xml:54:5-59:19
118            android:name="com.moengage.firebase.MoEFireBaseMessagingService"
118-->src/main/AndroidManifest.xml:54:14-78
119            android:exported="false" >
119-->src/main/AndroidManifest.xml:55:13-37
120            <intent-filter>
120-->src/main/AndroidManifest.xml:56:13-58:29
121                <action android:name="com.google.firebase.MESSAGING_EVENT" />
121-->src/main/AndroidManifest.xml:57:17-78
121-->src/main/AndroidManifest.xml:57:25-75
122            </intent-filter>
123        </service>
124
125        <meta-data
125-->[:react-native-firebase_analytics] AndroidManifest.xml:16:9-18:36
126            android:name="firebase_analytics_collection_enabled"
126-->[:react-native-firebase_analytics] AndroidManifest.xml:17:13-65
127            android:value="true" />
127-->[:react-native-firebase_analytics] AndroidManifest.xml:18:13-33
128        <meta-data
128-->[:react-native-firebase_analytics] AndroidManifest.xml:19:9-21:37
129            android:name="firebase_analytics_collection_deactivated"
129-->[:react-native-firebase_analytics] AndroidManifest.xml:20:13-69
130            android:value="false" />
130-->[:react-native-firebase_analytics] AndroidManifest.xml:21:13-34
131        <meta-data
131-->[:react-native-firebase_analytics] AndroidManifest.xml:22:9-24:36
132            android:name="google_analytics_adid_collection_enabled"
132-->[:react-native-firebase_analytics] AndroidManifest.xml:23:13-68
133            android:value="true" />
133-->[:react-native-firebase_analytics] AndroidManifest.xml:24:13-33
134        <meta-data
134-->[:react-native-firebase_analytics] AndroidManifest.xml:25:9-27:36
135            android:name="google_analytics_ssaid_collection_enabled"
135-->[:react-native-firebase_analytics] AndroidManifest.xml:26:13-69
136            android:value="true" />
136-->[:react-native-firebase_analytics] AndroidManifest.xml:27:13-33
137        <meta-data
137-->[:react-native-firebase_analytics] AndroidManifest.xml:28:9-30:36
138            android:name="google_analytics_default_allow_ad_personalization_signals"
138-->[:react-native-firebase_analytics] AndroidManifest.xml:29:13-85
139            android:value="true" />
139-->[:react-native-firebase_analytics] AndroidManifest.xml:30:13-33
140        <meta-data
140-->[:react-native-firebase_analytics] AndroidManifest.xml:31:9-33:36
141            android:name="google_analytics_automatic_screen_reporting_enabled"
141-->[:react-native-firebase_analytics] AndroidManifest.xml:32:13-79
142            android:value="true" /> <!-- Disable crashlytics by default so we can custom init with CrashlyticsNdk support -->
142-->[:react-native-firebase_analytics] AndroidManifest.xml:33:13-33
143        <meta-data
143-->[:react-native-firebase_crashlytics] AndroidManifest.xml:14:9-16:37
144            android:name="firebase_crashlytics_collection_enabled"
144-->[:react-native-firebase_crashlytics] AndroidManifest.xml:15:13-67
145            android:value="false" />
145-->[:react-native-firebase_crashlytics] AndroidManifest.xml:16:13-34
146
147        <provider
147-->[:react-native-firebase_crashlytics] AndroidManifest.xml:18:9-22:38
148            android:name="io.invertase.firebase.crashlytics.ReactNativeFirebaseCrashlyticsInitProvider"
148-->[:react-native-firebase_crashlytics] AndroidManifest.xml:19:13-104
149            android:authorities="com.neend.reactnativefirebasecrashlyticsinitprovider"
149-->[:react-native-firebase_crashlytics] AndroidManifest.xml:20:13-94
150            android:exported="false"
150-->[:react-native-firebase_crashlytics] AndroidManifest.xml:21:13-37
151            android:initOrder="98" />
151-->[:react-native-firebase_crashlytics] AndroidManifest.xml:22:13-35
152
153        <service android:name="io.invertase.firebase.messaging.ReactNativeFirebaseMessagingHeadlessService" />
153-->[:react-native-firebase_messaging] AndroidManifest.xml:16:9-111
153-->[:react-native-firebase_messaging] AndroidManifest.xml:16:18-108
154        <service
154-->[:react-native-firebase_messaging] AndroidManifest.xml:17:9-23:19
155            android:name="io.invertase.firebase.messaging.ReactNativeFirebaseMessagingService"
155-->[:react-native-firebase_messaging] AndroidManifest.xml:18:13-95
156            android:exported="false" >
156-->[:react-native-firebase_messaging] AndroidManifest.xml:19:13-37
157            <intent-filter>
157-->src/main/AndroidManifest.xml:56:13-58:29
158                <action android:name="com.google.firebase.MESSAGING_EVENT" />
158-->src/main/AndroidManifest.xml:57:17-78
158-->src/main/AndroidManifest.xml:57:25-75
159            </intent-filter>
160        </service>
161
162        <receiver
162-->[:react-native-firebase_messaging] AndroidManifest.xml:25:9-32:20
163            android:name="io.invertase.firebase.messaging.ReactNativeFirebaseMessagingReceiver"
163-->[:react-native-firebase_messaging] AndroidManifest.xml:26:13-96
164            android:exported="true"
164-->[:react-native-firebase_messaging] AndroidManifest.xml:27:13-36
165            android:permission="com.google.android.c2dm.permission.SEND" >
165-->[:react-native-firebase_messaging] AndroidManifest.xml:28:13-73
166            <intent-filter>
166-->[:react-native-firebase_messaging] AndroidManifest.xml:29:13-31:29
167                <action android:name="com.google.android.c2dm.intent.RECEIVE" />
167-->[:react-native-firebase_messaging] AndroidManifest.xml:30:17-81
167-->[:react-native-firebase_messaging] AndroidManifest.xml:30:25-78
168            </intent-filter>
169        </receiver>
170
171        <meta-data
171-->[:react-native-firebase_messaging] AndroidManifest.xml:34:9-36:36
172            android:name="firebase_messaging_auto_init_enabled"
172-->[:react-native-firebase_messaging] AndroidManifest.xml:35:13-64
173            android:value="true" />
173-->[:react-native-firebase_messaging] AndroidManifest.xml:36:13-33
174        <meta-data
174-->[:react-native-firebase_messaging] AndroidManifest.xml:37:9-39:32
175            android:name="com.google.firebase.messaging.default_notification_channel_id"
175-->[:react-native-firebase_messaging] AndroidManifest.xml:38:13-89
176            android:value="" />
176-->[:react-native-firebase_messaging] AndroidManifest.xml:39:13-29
177        <meta-data
177-->[:react-native-firebase_messaging] AndroidManifest.xml:40:9-42:47
178            android:name="com.google.firebase.messaging.default_notification_color"
178-->[:react-native-firebase_messaging] AndroidManifest.xml:41:13-84
179            android:resource="@color/white" />
179-->[:react-native-firebase_messaging] AndroidManifest.xml:42:13-44
180        <meta-data
180-->[:react-native-firebase_app] AndroidManifest.xml:12:9-14:36
181            android:name="app_data_collection_default_enabled"
181-->[:react-native-firebase_app] AndroidManifest.xml:13:13-63
182            android:value="true" />
182-->[:react-native-firebase_app] AndroidManifest.xml:14:13-33
183
184        <service
184-->[:react-native-firebase_app] AndroidManifest.xml:16:9-20:19
185            android:name="com.google.firebase.components.ComponentDiscoveryService"
185-->[:react-native-firebase_app] AndroidManifest.xml:16:18-89
186            android:directBootAware="true"
186-->[com.google.firebase:firebase-common:20.1.1] AndroidManifest.xml:35:13-43
187            android:exported="false" >
187-->[com.google.firebase:firebase-auth:21.0.5] AndroidManifest.xml:66:13-37
188            <meta-data
188-->[:react-native-firebase_app] AndroidManifest.xml:17:13-19:85
189                android:name="com.google.firebase.components:io.invertase.firebase.app.ReactNativeFirebaseAppRegistrar"
189-->[:react-native-firebase_app] AndroidManifest.xml:18:17-120
190                android:value="com.google.firebase.components.ComponentRegistrar" />
190-->[:react-native-firebase_app] AndroidManifest.xml:19:17-82
191            <meta-data
191-->[com.google.firebase:firebase-auth:21.0.5] AndroidManifest.xml:67:13-69:85
192                android:name="com.google.firebase.components:com.google.firebase.auth.FirebaseAuthRegistrar"
192-->[com.google.firebase:firebase-auth:21.0.5] AndroidManifest.xml:68:17-109
193                android:value="com.google.firebase.components.ComponentRegistrar" />
193-->[com.google.firebase:firebase-auth:21.0.5] AndroidManifest.xml:69:17-82
194            <meta-data
194-->[com.google.firebase:firebase-database:20.0.5] AndroidManifest.xml:32:13-34:85
195                android:name="com.google.firebase.components:com.google.firebase.database.DatabaseRegistrar"
195-->[com.google.firebase:firebase-database:20.0.5] AndroidManifest.xml:33:17-109
196                android:value="com.google.firebase.components.ComponentRegistrar" />
196-->[com.google.firebase:firebase-database:20.0.5] AndroidManifest.xml:34:17-82
197            <meta-data
197-->[com.google.firebase:firebase-messaging:23.0.5] AndroidManifest.xml:55:13-57:85
198                android:name="com.google.firebase.components:com.google.firebase.messaging.FirebaseMessagingRegistrar"
198-->[com.google.firebase:firebase-messaging:23.0.5] AndroidManifest.xml:56:17-119
199                android:value="com.google.firebase.components.ComponentRegistrar" />
199-->[com.google.firebase:firebase-messaging:23.0.5] AndroidManifest.xml:57:17-82
200            <meta-data
200-->[com.google.android.gms:play-services-measurement-api:21.0.0] AndroidManifest.xml:31:13-33:85
201                android:name="com.google.firebase.components:com.google.firebase.analytics.connector.internal.AnalyticsConnectorRegistrar"
201-->[com.google.android.gms:play-services-measurement-api:21.0.0] AndroidManifest.xml:32:17-139
202                android:value="com.google.firebase.components.ComponentRegistrar" />
202-->[com.google.android.gms:play-services-measurement-api:21.0.0] AndroidManifest.xml:33:17-82
203            <meta-data
203-->[com.google.firebase:firebase-crashlytics-ndk:18.2.11] AndroidManifest.xml:35:13-37:85
204                android:name="com.google.firebase.components:com.google.firebase.crashlytics.ndk.CrashlyticsNdkRegistrar"
204-->[com.google.firebase:firebase-crashlytics-ndk:18.2.11] AndroidManifest.xml:36:17-122
205                android:value="com.google.firebase.components.ComponentRegistrar" />
205-->[com.google.firebase:firebase-crashlytics-ndk:18.2.11] AndroidManifest.xml:37:17-82
206            <meta-data
206-->[com.google.firebase:firebase-crashlytics:18.2.11] AndroidManifest.xml:18:13-20:85
207                android:name="com.google.firebase.components:com.google.firebase.crashlytics.CrashlyticsRegistrar"
207-->[com.google.firebase:firebase-crashlytics:18.2.11] AndroidManifest.xml:19:17-115
208                android:value="com.google.firebase.components.ComponentRegistrar" />
208-->[com.google.firebase:firebase-crashlytics:18.2.11] AndroidManifest.xml:20:17-82
209            <meta-data
209-->[com.google.firebase:firebase-installations:17.0.1] AndroidManifest.xml:18:13-20:85
210                android:name="com.google.firebase.components:com.google.firebase.installations.FirebaseInstallationsRegistrar"
210-->[com.google.firebase:firebase-installations:17.0.1] AndroidManifest.xml:19:17-127
211                android:value="com.google.firebase.components.ComponentRegistrar" />
211-->[com.google.firebase:firebase-installations:17.0.1] AndroidManifest.xml:20:17-82
212            <meta-data
212-->[com.google.firebase:firebase-datatransport:18.1.4] AndroidManifest.xml:28:13-30:85
213                android:name="com.google.firebase.components:com.google.firebase.datatransport.TransportRegistrar"
213-->[com.google.firebase:firebase-datatransport:18.1.4] AndroidManifest.xml:29:17-115
214                android:value="com.google.firebase.components.ComponentRegistrar" />
214-->[com.google.firebase:firebase-datatransport:18.1.4] AndroidManifest.xml:30:17-82
215        </service>
216
217        <provider
217-->[:react-native-firebase_app] AndroidManifest.xml:22:9-26:38
218            android:name="io.invertase.firebase.app.ReactNativeFirebaseAppInitProvider"
218-->[:react-native-firebase_app] AndroidManifest.xml:23:13-88
219            android:authorities="com.neend.reactnativefirebaseappinitprovider"
219-->[:react-native-firebase_app] AndroidManifest.xml:24:13-86
220            android:exported="false"
220-->[:react-native-firebase_app] AndroidManifest.xml:25:13-37
221            android:initOrder="99" />
221-->[:react-native-firebase_app] AndroidManifest.xml:26:13-35
222
223        <activity
223-->[com.google.firebase:firebase-auth:21.0.5] AndroidManifest.xml:27:9-44:20
224            android:name="com.google.firebase.auth.internal.GenericIdpActivity"
224-->[com.google.firebase:firebase-auth:21.0.5] AndroidManifest.xml:28:13-80
225            android:excludeFromRecents="true"
225-->[com.google.firebase:firebase-auth:21.0.5] AndroidManifest.xml:29:13-46
226            android:exported="true"
226-->[com.google.firebase:firebase-auth:21.0.5] AndroidManifest.xml:30:13-36
227            android:launchMode="singleTask"
227-->[com.google.firebase:firebase-auth:21.0.5] AndroidManifest.xml:31:13-44
228            android:theme="@android:style/Theme.Translucent.NoTitleBar" >
228-->[com.google.firebase:firebase-auth:21.0.5] AndroidManifest.xml:32:13-72
229            <intent-filter>
229-->[com.google.firebase:firebase-auth:21.0.5] AndroidManifest.xml:33:13-43:29
230                <action android:name="android.intent.action.VIEW" />
230-->src/main/AndroidManifest.xml:33:17-69
230-->src/main/AndroidManifest.xml:33:25-66
231
232                <category android:name="android.intent.category.DEFAULT" />
232-->src/main/AndroidManifest.xml:34:17-76
232-->src/main/AndroidManifest.xml:34:27-73
233                <category android:name="android.intent.category.BROWSABLE" />
233-->src/main/AndroidManifest.xml:35:17-78
233-->src/main/AndroidManifest.xml:35:27-75
234
235                <data
235-->src/main/AndroidManifest.xml:36:17-47
236                    android:host="firebase.auth"
236-->src/main/AndroidManifest.xml:37:69-93
237                    android:path="/"
238                    android:scheme="genericidp" />
238-->src/main/AndroidManifest.xml:36:23-45
239            </intent-filter>
240        </activity>
241        <activity
241-->[com.google.firebase:firebase-auth:21.0.5] AndroidManifest.xml:45:9-62:20
242            android:name="com.google.firebase.auth.internal.RecaptchaActivity"
242-->[com.google.firebase:firebase-auth:21.0.5] AndroidManifest.xml:46:13-79
243            android:excludeFromRecents="true"
243-->[com.google.firebase:firebase-auth:21.0.5] AndroidManifest.xml:47:13-46
244            android:exported="true"
244-->[com.google.firebase:firebase-auth:21.0.5] AndroidManifest.xml:48:13-36
245            android:launchMode="singleTask"
245-->[com.google.firebase:firebase-auth:21.0.5] AndroidManifest.xml:49:13-44
246            android:theme="@android:style/Theme.Translucent.NoTitleBar" >
246-->[com.google.firebase:firebase-auth:21.0.5] AndroidManifest.xml:50:13-72
247            <intent-filter>
247-->[com.google.firebase:firebase-auth:21.0.5] AndroidManifest.xml:51:13-61:29
248                <action android:name="android.intent.action.VIEW" />
248-->src/main/AndroidManifest.xml:33:17-69
248-->src/main/AndroidManifest.xml:33:25-66
249
250                <category android:name="android.intent.category.DEFAULT" />
250-->src/main/AndroidManifest.xml:34:17-76
250-->src/main/AndroidManifest.xml:34:27-73
251                <category android:name="android.intent.category.BROWSABLE" />
251-->src/main/AndroidManifest.xml:35:17-78
251-->src/main/AndroidManifest.xml:35:27-75
252
253                <data
253-->src/main/AndroidManifest.xml:36:17-47
254                    android:host="firebase.auth"
254-->src/main/AndroidManifest.xml:37:69-93
255                    android:path="/"
256                    android:scheme="recaptcha" />
256-->src/main/AndroidManifest.xml:36:23-45
257            </intent-filter>
258        </activity>
259        <activity android:name="com.facebook.CustomTabMainActivity" />
259-->[com.facebook.android:facebook-common:14.1.1] AndroidManifest.xml:38:9-71
259-->[com.facebook.android:facebook-common:14.1.1] AndroidManifest.xml:38:19-68
260
261        <provider
261-->[:react-native-share] AndroidManifest.xml:10:9-18:20
262            android:name="cl.json.RNShareFileProvider"
262-->[:react-native-share] AndroidManifest.xml:11:13-55
263            android:authorities="com.neend.rnshare.fileprovider"
263-->[:react-native-share] AndroidManifest.xml:12:13-72
264            android:exported="false"
264-->[:react-native-share] AndroidManifest.xml:13:13-37
265            android:grantUriPermissions="true" >
265-->[:react-native-share] AndroidManifest.xml:14:13-47
266            <meta-data
266-->[:react-native-share] AndroidManifest.xml:15:13-17:64
267                android:name="android.support.FILE_PROVIDER_PATHS"
267-->[:react-native-share] AndroidManifest.xml:16:17-67
268                android:resource="@xml/share_download_paths" />
268-->[:react-native-share] AndroidManifest.xml:17:17-61
269        </provider> <!-- The main service, handles playback, playlists and media buttons -->
270        <service
270-->[:react-native-track-player] AndroidManifest.xml:17:9-24:19
271            android:name="com.guichaguri.trackplayer.service.MusicService"
271-->[:react-native-track-player] AndroidManifest.xml:18:13-75
272            android:enabled="true"
272-->[:react-native-track-player] AndroidManifest.xml:19:13-35
273            android:exported="true" >
273-->[:react-native-track-player] AndroidManifest.xml:20:13-36
274            <intent-filter>
274-->[:react-native-track-player] AndroidManifest.xml:21:13-23:29
275                <action android:name="android.intent.action.MEDIA_BUTTON" />
275-->[:react-native-track-player] AndroidManifest.xml:22:17-77
275-->[:react-native-track-player] AndroidManifest.xml:22:25-74
276            </intent-filter>
277        </service> <!-- A receiver that will receive media buttons. Required on pre-lollipop devices -->
278        <receiver
278-->[:react-native-track-player] AndroidManifest.xml:27:9-33:20